  game.c
C:\Users\Maxence\AdvanceWars\basecode_ProjetC\AdvanceWars\game.c(44,35): warning C4047: '=' : les niveaux d'indirection de 'FILE *' et de 'errno_t' sont différents
C:\Users\Maxence\AdvanceWars\basecode_ProjetC\AdvanceWars\game.c(94,36): warning C4047: '=' : les niveaux d'indirection de 'FILE *' et de 'errno_t' sont différents
C:\Users\Maxence\AdvanceWars\basecode_ProjetC\AdvanceWars\game.c(106,19): warning C4477: 'fscanf_s' : la chaîne de format '%d' nécessite un argument de type 'int *', mais l'argument variadique 1 est de type 'unitType **'
C:\Users\Maxence\AdvanceWars\basecode_ProjetC\AdvanceWars\game.c(116,19): warning C4477: 'fscanf_s' : la chaîne de format '%d' nécessite un argument de type 'int *', mais l'argument variadique 1 est de type 'unitType **'
C:\Users\Maxence\AdvanceWars\basecode_ProjetC\AdvanceWars\game.c(95,7): warning C4101: 'stringSprite' : variable locale non référencée
C:\Users\Maxence\AdvanceWars\basecode_ProjetC\AdvanceWars\game.c(164,12): warning C4101: 'k' : variable locale non référencée
C:\Users\Maxence\AdvanceWars\basecode_ProjetC\AdvanceWars\game.c(164,15): warning C4101: 'l' : variable locale non référencée
C:\Users\Maxence\AdvanceWars\basecode_ProjetC\AdvanceWars\game.c(203,23): warning C4018: '<' : incompatibilité signed/unsigned
C:\Users\Maxence\AdvanceWars\basecode_ProjetC\AdvanceWars\game.c(200,13): warning C4101: 'j' : variable locale non référencée
  graph_SDL.c
  main.c
  renderLoop.c
  Génération de code en cours
  3 of 25 functions (12.0%) were compiled, the rest were copied from previous compilation.
    0 functions were new in current compilation
    2 functions had inline decision re-evaluated but remain unchanged
  Fin de la génération du code
SDLmain.lib(SDL_win32_main.obj) : warning LNK4099: PDB 'SDLmain.pdb' n'a pu être trouvé avec 'SDLmain.lib(SDL_win32_main.obj)' ou sur 'C:\Users\Maxence\AdvanceWars\basecode_ProjetC\bin\SDLmain.pdb' ; l'objet sera lié sans informations de débogage
  AdvanceWars.vcxproj -> C:\Users\Maxence\AdvanceWars\basecode_ProjetC\bin\AdvanceWars.exe
  C:\Users\Maxence\AdvanceWars\basecode_ProjetC\SDL-1.2.15\bin\Win32\libFLAC-8.dll
  C:\Users\Maxence\AdvanceWars\basecode_ProjetC\SDL-1.2.15\bin\Win32\libfreetype-6.dll
  C:\Users\Maxence\AdvanceWars\basecode_ProjetC\SDL-1.2.15\bin\Win32\libjpeg-8.dll
  C:\Users\Maxence\AdvanceWars\basecode_ProjetC\SDL-1.2.15\bin\Win32\libmikmod-2.dll
  C:\Users\Maxence\AdvanceWars\basecode_ProjetC\SDL-1.2.15\bin\Win32\libogg-0.dll
  C:\Users\Maxence\AdvanceWars\basecode_ProjetC\SDL-1.2.15\bin\Win32\libpng15-15.dll
  C:\Users\Maxence\AdvanceWars\basecode_ProjetC\SDL-1.2.15\bin\Win32\libtiff-5.dll
  C:\Users\Maxence\AdvanceWars\basecode_ProjetC\SDL-1.2.15\bin\Win32\libvorbis-0.dll
  C:\Users\Maxence\AdvanceWars\basecode_ProjetC\SDL-1.2.15\bin\Win32\libvorbisfile-3.dll
  C:\Users\Maxence\AdvanceWars\basecode_ProjetC\SDL-1.2.15\bin\Win32\libwebp-2.dll
  C:\Users\Maxence\AdvanceWars\basecode_ProjetC\SDL-1.2.15\bin\Win32\SDL.dll
  C:\Users\Maxence\AdvanceWars\basecode_ProjetC\SDL-1.2.15\bin\Win32\SDL_gfx.dll
  C:\Users\Maxence\AdvanceWars\basecode_ProjetC\SDL-1.2.15\bin\Win32\SDL_image.dll
  C:\Users\Maxence\AdvanceWars\basecode_ProjetC\SDL-1.2.15\bin\Win32\SDL_mixer.dll
  C:\Users\Maxence\AdvanceWars\basecode_ProjetC\SDL-1.2.15\bin\Win32\SDL_ttf.dll
  C:\Users\Maxence\AdvanceWars\basecode_ProjetC\SDL-1.2.15\bin\Win32\smpeg.dll
  C:\Users\Maxence\AdvanceWars\basecode_ProjetC\SDL-1.2.15\bin\Win32\zlib1.dll
         17 fichier(s) copié(s).
  C:\Users\Maxence\AdvanceWars\basecode_ProjetC\AdvanceWars\data\1_map.ini
  C:\Users\Maxence\AdvanceWars\basecode_ProjetC\AdvanceWars\data\1_player1.ini
  C:\Users\Maxence\AdvanceWars\basecode_ProjetC\AdvanceWars\data\1_player2.ini
  C:\Users\Maxence\AdvanceWars\basecode_ProjetC\AdvanceWars\data\fireLayer.bmp
  C:\Users\Maxence\AdvanceWars\basecode_ProjetC\AdvanceWars\data\sprites.ini
  C:\Users\Maxence\AdvanceWars\basecode_ProjetC\AdvanceWars\data\unitType.ini
  C:\Users\Maxence\AdvanceWars\basecode_ProjetC\AdvanceWars\data\walkLayer.bmp
  7 fichier(s) copié(s)
